[  0.000000] Linux version 4.15.0-62-generic (buildd@lcy01-amd64-024) (gcc version 7.4.0 (Ubuntu 7.4.0-1ubuntu1~18.04.1)) #69-Ubuntu SMP Wed Sep 4 20:55:53 UTC 2019 (Ubuntu 4.15.0-62.69-generic 4.15.18)
[    0.000000] Command line: BOOT_IMAGE=/boot/vmlinuz-4.15.0-62-generic root=UUID=a5eb06e2-8eb1-4232-8570-2cc927993946 ro console=tty1 console=ttyS0
[    0.000000] KERNEL supported cpus:
[    0.0000]   Intel GenuineIntel
[    0.000000]   AMD AuthenticAMD
[    0.000000]   Centaur CentaurHauls
[    0.000000] x86/fpu: Supporting XSAVE feature 0x001: 'x87 floating point registers'
[    0.000000] x86/fpu: Supporting XSAVE feature 0x002: 'SSE registers'
[    0.000000] x86/fpu: Supporting XSAVE feature 0x004: 'AVX registers'
[    0.000000] x86/fpu: xstate_offset[2]:  576, xstate_sizes[2]:  256
[    0.000000] x6/u: Enabled xate features 0x7, context size is 832 bytes, using 'standard' format.
[    0.000000] e820: BIOS-provided physical RAM map:[    00000] BIOS-e820: [mem 0x0000000000000000-0x000000000009fbff] usable
[    0.000000] BIOS-e820: [mem 0x000000000009fc00-0x000000000009ffff] reserved
[    0.000000] BIOS-e820: [mem 0x00000000000f0000-0x00000000000fffff] reserved
[    0.000000] BIOS-e820: [mem 0x00000000100000-0x000000ffeff] sable
[    0.000000] BIOS-e820: [mem 0x000000003fff0000-0x000000003fffff] AC dta
[    00000]IO-e82: em 0x00000fec00000x000000f00ff] eserved
[    00000]BIOSe820: [mem 0x00000000fee00000-0x00000000fee00fff] reserved
[    0.000000] BIOS-e820: [mem 0x00000000fffc0000-0x00000000ffffffff] reserved
[    0.000000] NX (Execue Disable) protection: active
[    0.000000] SMBIOS 2.5 present.
[    0.000000] DMI: innotek GmbH VirtualBox/VirtualBox, BIOS VirtualBox 12/01/2006
[    0.000000] Hypervisor detected: KVM
[    0.000000] e820: last_pfn = 0x3fff0 max_arch_pfn = 0x400000000
[    0.000000] MTRR: Disabled
[    0.000000] x86/PAT: MTRRs disabled, skipping PAT initialization too.
[    0.000000]PUMTRs l blank - virtualized system.
[    0.000000] x86/PAT: Configuration [0-7]: WB  WT  UC- UC  WB  WT  UC- UC  
[    0.000000] found SMP MP-table at [mem 0x0009fff0-0x0009ffff]
[    0.000000] Scanning 1 areas for low memory corruption
[    0.000000] RAMDISK: [mem 0x35981000-0x36cb7fff]
[    0.000000] ACPI: Early table checksum verification disabled
[    0.000000] ACPI: RSDP 0x00000000000E0000 000024 (v02 VBOX  )
[    0.000000] ACPI: XSDT 0x000000003FFF0030 00003C (v01 OX   VBOXXSDT 00000001 ASL  00000061)
[    0.000000] ACP FACP 0x000000003FFF00F0 0000F4 (v04 VOX   VBOXFACP 0000001 ASL  00000061)
[    0.000000] ACPI: DSDT 0x000000003FFF0470 0021FF (v02 VBOX   VBOXBIOS 00000002 INTL 20100528)
[    0.000000] ACPI: FACS 0x0000000FFF200 000040
[    0.000000] ACPI: FACS 0x000000003FFF0200 000040
[    0.000000] ACPI: APIC 0x000000003FFF024000005C (v02 VX   BOPIC 00000001 ASL  00000061)
[    0.000000] ACPI: SSDTx000000003FFF02A0 0001CC (v01 VBOX   VBOXCPUT 00000002 INTL 20100528)
[    0.000000] No NUMA configuration found
[    0.000000] Faking a node at [mem 0x0000000000000000-0x000000003ffeffff]
[    0.000000] NE_DATA(0) allocatedmem 0x3ffc5000-0x3ffeffff]
[    0.000000] kvm-clock: cpu 0, msr 0:3ff44001, primary cpu clock
[    0.000000] kvm-clock: Using msrs 4b564d01 and 4b564d00
[    0.000000] kvm-clock: using sched offset of 4366757764 cycles
[    0.000000] clocksource: kvm-clock: mask: 0xffffffffffffffff max_cycles: 0x1cd42e4dffb,max_idle_: 81590591483 ns
[    0.000000] Zone ranges:
[    0.000000]   DMA      [mem 0x0000000000001000-0x0000000000ffffff]
[    0.000000]   DMA32    [mem 0x00000010000-0x000000003ffeffff]
[    0.000000]   Normal   empty
[    0.000000]   Device   empty
[    0.000000] Movable zone start for each node
[    0.000000] Early memory node ranges
[    0.000000]  node   0: [mem 0x0000000000001000-0x000000000009efff]
[    0.000000]   node   0: [mem 0x0000000000100000-0x000000003ffeffff]
[    0.000000] Reserved but unavailable: 98 pages
[    0.000000] Initmem setup node 0 [mem 0x0000000000001000-0x000000003ffeffff]
[    0.000000] ACPI: PM-Timer IO Port: 0x4008
[    0.000000] IOAPIC[0]: apic_id 2, version 32, address 0xfec00000, GSI 0-23
[    0.000000] ACPI: INT_SRC_OVR (bus 0 bus_irq 0 global_irq 2 dfl dfl)
[    0.000000] ACPI: INT_SRC_OVR (bus 0 bus_irq 9 global_irq 9 low level)
[    0.000000] Using ACPI (MADT) for SMP configuration infmation[    000000] smpboot: Allowing 2 CPUs, 0 hotplug CPUs
[    0.000000] PM: Registered nosave memory: [mem 0x00000000-0x00000fff]
[    0.000000] PM: Registered nosave memory: [mem 0x00f000-0x0009ffff]
[    0.000000] PM: Registered nosae memory: [mem 0x000a0000-0x000effff]
[    0.000000] PM: Registered nosave memory: [mem 0x000f0000-0x000fffff]
[    0.000000] e820: [mem 0x40000000-0xfebfffff] available for PCI devices
[    0.000000] Booting paravirtualized knel on KVM
[  0.000000] ccksourcereinedifies: mask: 0xffffffff max_cycles: 0xffffffff, max_idle_ns: 7645519600211568 ns
   0.000000]anom: get_ranm_byesalle fm starkernel+09/0x4fd with crng_init=0
[    0.000000] setup_percpu: NR_CPUS:8192 nr_cpumask_bits:2 nr_cpu_ids:2 nr_node_ids:1
[    0.000000] percpu: Embedded 46 pages/cpu s151552 r8192 d28672 u1048576
[    0.000000] PV qinlockhash table entries: 256 (order: 0, 4096 bytes)
[   0.000000] Built 1 zonelists, mobility grouping on.  Total pages: 257913
[    0.000000] Policy zone: DMA32
[    0.000000] Kernel command line: BOO_IMAGE=/boot/vmlinuz-4.15.0-62-genicrroot=UD=a5eb06e2-8eb1-4232-8570-2cc927993946 ro console=tty1 console=tt0
[    0.000000] Memory: 982908K/1048120K available (12300K kernel  code, 2481K rwdata, 72 rodata, 2436Kni, 2384K bss, 65212K reserved, 0K cma-reserved)
[    0.000000] SLUB: HWalign=64, Order=0-3, MinObjects=0, CPUs=2, Nodes=1
[    0.000000] Kernel/User age tabes isolion: enabled
[    0.000000] ftrace: allocing 39306 enriesn 154 pages
[    0.004000] Hierarchical RCU imementaion.
[    0.004000] 	RCU restricting CPUs from NR_CPUS=8192 to nr_cpu_ids=2.
[    0.004000] 	Tasks RCU enabled.
[    0.004000] RCU: Adjusting geotry for rcu_fanout_leaf=16, nr_cpu_ids=2
[    0.004000] NR_IRQS: 524544nr_irqs: 440, preallocated irqs: 16
[    0.004000] Console: colour VGA+ 80x25
[    0.004000] nsole [t1]enabled
[    0.004000] console [ttyS0] enabled
[    0.004000] ACPI: Core revision 20170831
[  0.004000] ACPI: 2 ACPI AML tables successfully acquired and loaded
[    0.004000] APIC: Switch to symmetric I/O mode setup
[    0.004000] x2apic enabled[    0.004006] Switched APIC routing to physical x2apic.
[    0.012525] ..TIMER: vector=0x30 apic1=0 pin1=2 apic2=-1 pin2=-1
[    0.016012] tsc: Detected 2304.000 MHz processor
[    0.020013] Calibrating delay loop (skipped) preset value.. 4608.00 BogoMIPS (lpj=9216000)
[    0.024007] pid_max: default: 32768 minimum: 301
[    0.028050] Security Framework initialized
[    0.032007] Yama: becoming mindful.
[    0.036031] AppArmor: AppArmor initialized
[    0.041465] Dentry cache hash table entries: 131072 (order: 8, 1048576 bytes)
[    0.044083] Inode-cache hash table entries: 65536 (order: 7, 524288 bytes)
[    0.048024] Mount-cache hash table entries: 2048 (order: 2, 16384 bytes)
[    0.052016] Mountpoint-cache hash table entries: 2048 (order: 2, 16384 bytes)
[    0.054260] Last level iTLB entries: 4KB 64, 2MB 8, 4MB 8
[    0.056007] Last level dTLB entries: 4KB 64, 2MB 0, 4MB 0, 1GB 4
[    0.060006] Spectre V1 : Mitigation: usercopy/swapgs barriers and __user pointer sanitization
[    0.064007] Spectre V2 : Mitigation: Full generic retpoline
[    0.066228] Spectre V2 : Spectre v2 / SpectreRSB mitigation: Filling RSB on context switch
[    0.068006] Speculative Store Bypass: Vulnerable
[    0.072432] MDS: Vulnerable: Clear CPU buffers attempted, no microcode
[    0.076374] Freeing SMP alternatives memory: 36K
[  0.088000] smpboot: CPU0: Intel(R) Core(TM) i5-7360U CPU @ 2.30GHz (family: 0x6, model: 0x8e, stepping: 0x9)
[    0.088158] Performance Events: unsupported p6 CPU model 142 no PMU driver, software events only.
[    0.092145] Hierarchical SRCU implementation.
[    0.096820] NMI watchdog: Perf event create on CPU 0 failed with -2
[    0.100009] NMI watchdog: Perf NMI watchdog permanently disabled
[    0.104126] smp: Bringing up secondary CPUs ...
[    0.108082] x86: Booting SMP configuration:
[    0.109266] .... node  #0, CPUs:      #1
[    0.004000] kvm-clock: cpu 1, msr 0:3ff44041, secondary cpu clock
[    0.120004] smp: Brought up 1 node, 2 CPUs
[    0.124005] smpboot: Max logical packages: 1
[    0.128003] smpboot: Total of 2 processors activated (9216.00 BogoMIPS)
[    0.132133] devtmpfs: initialized
[    0.136071] x86/mm: Memory block size: 128MB
[    0.137424] evm: security.selinux
[    0.140005] evm: security.SMACK64
[    0.144003] evm: security.SMACK64EXEC
[    0.148006] evm: security.SMACK64TRANSMUTE
[    0.152004] evm: security.SMACK64MMAP
[    0.156002] evm: security.apparmor
[    0.160002] evm: security.ima
[    0.160878] evm: security.capability
[    0.164017] clocksource: jiffies: mask: 0xffffffff max_cycles: 0xffffffff, max_idle_ns: 7645041785100000 ns
[    0.168007] futex hash table entries: 512 (order: 3, 32768 bytes)
[    0.173375] pinctrl core: initialized pinctrl subsystem
[    0.176106] RTC time:  8:09:52, date: 09/15/19
[    0.177554] NET: Registered protocol family 16
[    0.180112] audit: initializing netlink subsys (disabled)
[    0.188005] audit: type=2000 audit(1568534993.074:1): state=initialized audit_enabled=0 res=1
[    0.304010] cpuidle: using governor ladder
[    0.308009] cpuidle: using governor menu
[    0.312053] ACPI: bus type PCI registered
[    0.316004] acpiphp: ACPI Hot Plug PCI Controller Driver version: 0.5
[    0.317903] PCI: Using configuration type 1 for base access
[    0.320490] HugeTLB registered 2.00 MiB page size, pre-allocated 0 pages
[    0.328087] ACPI: Added _OSI(Module Device)
[    0.332007] ACPI: Added _OSI(Processor Device)
[    0.336008] ACPI: Added _OSI(3.0 _SCP Extensions)
[    0.340005] ACPI: Added _OSI(Processor Aggregator Device)
[    0.344005] ACPI: Added _OSI(Linux-Dell-Video)
[    0.348009] ACPI: Added _OSI(Linux-Lenovo-NV-HDMI-Audio)
[    0.352005] ACPI: Added _OSI(Linux-HPI-Hybrid-Graphics)
[    0.356410] ACPI: Executed 1 blocks of module-level executable AML code
[    0.365376] ACPI: Interpreter enabled
[    0.368019] ACPI: (supports S0 S5)
[    0.372005] ACPI: Using IOAPIC for interrupt routing
[    0.376228] PCI: Using host bridge windows from ACPI; if necessary, use "pci=nocrs" and report a bug
[    0.380223] ACPI: Enabled 2 GPEs in block 00 to 07
[    0.388474] ACPI: PCI Root Bridge [PCI0] (domain 0000 [bus 00-ff])
[    0.390224] acpi PNP0A03:00: _OSC: OS supports [ASPM ClockPM Segments MSI]
[    0.392032] acpi PNP0A03:00: _OSC: not requesting OS control; OS requires [ExtendedConfig ASPM ClockPM MSI]
[    0.394727] acpi PNP0A03:00: fail to add MMCONFIG information, can't access extended PCI configuration space under this bridge.
[    0.396658] PCI host bridge to bus 0000:00
[    0.400010] pci_bus 0000:00: root bus resource [io  0x0000-0x0cf7 window]
[    0.404011] pci_bus 0000:00: root bus resource [io  0x0d00-0xffff window]
[    0.408009] pci_bus 0000:00: root bus resource [mem 0x000a0000-0x000bffff window]
[    0.412012] pci_bus 0000:00: root bus resource [mem 0x40000000-0xfdffffff window]
[    0.416008] pci_bus 0000:00: root bus resource [bus 00-ff]
[    0.424193] pci 0000:00:01.1: legacy IDE quirk: reg 0x10: [io  0x01f0-0x01f7]
[    0.427297] pci 0000:00:01.1: legacy IDE quirk: reg 0x14: [io  0x03f6]
[    0.428010] pci 0000:00:01.1: legacy IDE quirk: reg 0x18: [io  0x0170-0x0177]
[    0.432011] pci 0000:00:01.1: legacy IDE quirk: reg 0x1c: [io  0x0376]
[    0.459386] pci 0000:00:07.0: quirk: [io  0x4000-0x403f] claimed by PIIX4 ACPI
[    0.460034] pci 0000:00:07.0: quirk: [io  0x4100-0x410f] claimed by PIIX4 SMB
[    0.475374] ACPI: PCI Interrupt Link [LNKA] (IRQs 5 9 10 *11)
[    0.476341] ACPI: PCI Interrupt Link [LNKB] (IRQs 5 9 *10 11)
[    0.480141] ACPI: PCI Interrupt Link [LNKC] (IRQs 5 *9 10 11)
[    0.484159] ACPI: PCI Interrupt Link [LNKD] (IRQs 5 9 10 *11)
[    0.488402] SCSI subsystem initialized
[    0.492057] pci 0000:00:02.0: vgaarb: setting as boot VGA device
[    0.496000] pci 0000:00:02.0: vgaarb: VGA device added: decodes=io+mem,owns=io+mem,locks=none
[    0.496010] pci 0000:00:02.0: vgaarb: bridge control possible
[    0.500003] vgaarb: loaded
[    0.504048] ACPI: bus type USB registered
[    0.505225] usbcore: registered new interface driver usbfs
[    0.508014] usbcore: registered new interface driver hub
[    0.512052] usbcore: registered new device driver usb
[    0.516080] EDAC MC: Ver: 3.0.0
[    0.517357] PCI: Using ACPI for IRQ routing
[    0.520362] NetLabel: Initializing
[    0.521344] NetLabel:  domain hash size = 128
[    0.522578] NetLabel:  protocols = UNLABELED CIPSOv4 CALIPSO
[    0.524025] NetLabel:  unlabeled traffic allowed by default
[    0.528091] clocksource: Switched to clocksource kvm-clock
[    0.558509] VFS: Disk quotas dquot_6.6.0
[    0.565423] VFS: Dquot-cache hash table entries: 512 (order 0, 4096 bytes)
[    0.567388] AppArmor: AppArmor Filesystem Enabled
[    5675 p: P PIni
[  08834] pnp: PnP AI:found devices

[    1.176915] clocksource: acpi_pm: mask: 0xffffff max_cycles: 0xffffff, max_idle_ns: 2085701024 ns
[    1.181103] NE Risreproc fil2
[    .527 T eabsh hh blenies:81 (de 4656 bytes)

[    2.252603] TCP bind hash table entries: 8192 (order: 5, 131072 bytes)
[    2.256915] TCP: Hash tables configured (established 8192 bind 8192)
[    2.259470] UDP hash table entries: 512 (order: 2, 16384 bytes)
[    2.261857] UDP-Lite hash tableentries: 512 (order: 2, 16384 bytes)
[    2.295214] NET: Registered protcol family 1
[    2.319292] pci 0000:00:00.0: Limiting direct PCI/PCI transfers
[  2437] pci 0000:00:01.0: Activating ISA DMA hang workarounds
[    2.4751pc00:002: dedeceitshowd RM  [m 0000-000fff]
[    3.333549] Unpacking initramfs...

[    3.611160] Freeing initrd memory: 19676K
[    3.618426] clocksource: tsc: mask: 0xffffffffffffffff max_cycles: 0x2135f7c97c8, max_idle_ns: 440795273205 ns
[    3.621220] platform rtc_cmos: registered platform RTC device (no PNP device found)
[    3.623425] Scanning for low memory corruption every 60 seconds
[    3.646273] Initialise system trusted keyrings
[    3.701233] Key type blacklist registered
[    3.713912] workingset: timestamp_bits=36 max_order=18 bucket_order=0
[    3.744618] zbud: loaded
[    3.774199] squashfs: version 4.0 (2009/01/31) Phillip Lougher
[    3.787465] fuse init (API version 7.26)
[    3.811983] Key type asymmetric registered
[    3.812916] Asymmetric key parser 'x509' registered
[    3.813992] Block layer SCSI generic (bsg) driver version 0.4 loaded (major 246)
[    3.815602] io scheduler noop registered
[    3.885228] io scheduler deadline registered
[    3.886500] io scheduler cfq registered (default)
[    3.910475] ACPI: AC Adapter [AC] (on-line)
[    3.995710] input: Power Button as /devices/LNXSYSTM:00/LNXPWRBN:00/input/input0
[    4.019415] ACPI: Power Button [PWRF]
[    4.050543] input: Sleep Button as /devices/LNXSYSTM:00/LNXSLPBN:00/input/input1
[    4.052660] ACPI: Sleep Button [SLPF]
[    4.054226] Serial: 8250/16550 driver, 32 ports, IRQ sharing enabled
[    4.055291] ACPI: Battery Slot [BAT0] (battery present)
[    4.080777] 00:02: ttyS0 at I/O 0x3f8 (irq = 4, base_baud = 115200) is a 16550A
[    4.127974] Linux agpgart interface v0.103
[    4.131900] loop: module loaded
[    4.133202] scsi host0: ata_piix
[    4.134055] scsi host1: ata_piix
[    4.134779] ata1: PATA max UDMA/33 cmd 0x1f0 ctl 0x3f6 bmdma 0xd000 irq 14
[    4.136164] ata2: PATA max UDMA/33 cmd 0x170 ctl 0x376 bmdma 0xd008 irq 15
[    4.137644] libphy: Fixed MDIO Bus: probed
[    4.138609] tun: Universal TUN/TAP device driver, 1.6
[    4.139727] PPP generic driver version 2.4.2
[    4.164854] ehci_hcd: USB 2.0 'Enhanced' Host Controller (EHCI) Driver
[    4.194467] ehci-pci: EHCI PCI platform driver
[    4.196274] ehci-platform: EHCI generic platform driver
[    4.253753] ohci_hcd: USB 1.1 'Open' Host Controller (OHCI) Driver
[    4.279166] ohci-pci: OHCI PCI platform driver
[    4.304775] ohci-platform: OHCI generic platform driver
[    4.327098] uhci_hcd: USB Universal Host Controller Interface driver
[    4.376241] i8042: PNP: PS/2 Controller [PNP0303:PS2K,PNP0f03:PS2M] at 0x60,0x64 irq 1,12
[    4.390821] serio: i8042 KBD port at 0x60,0x64 irq 1
[    4.392280] serio: i8042 AUX port at 0x60,0x64 irq 12
[    4.414604] mousedev: PS/2 mouse device common for all mice
[    4.416899] rtc_cmos rtc_cmos: rtc core: registered rtc_cmos as rtc0
[    4.418723] input: AT Translated Set 2 keyboard as /devices/platform/i8042/serio0/input/input2
[    4.421274] rtc_cmos rtc_cmos: alarms up to one day, 114 bytes nvram
[    4.423749] i2c /dev entries driver
[    4.424660] device-mapper: uevent: version 1.0.3
[    4.426382] device-mapper: ioctl: 4.37.0-ioctl (2017-09-20) initialised: dm-devel@redhat.com
[    4.435255] ledtrig-cpu: registered to indicate activity on CPUs
[    4.442441] NET: Registered protocol family 10
[    4.450851] Segment Routing with IPv6
[    4.452708] NET: Registered protocol family 17
[    4.454746] Key type dns_resolver registered
[    4.457921] mce: Using 0 MCE banks
[    4.466354] RAS: Correctable Errors collector initialized.
[    4.473352] sched_clock: Marking stable (4473279882, 0)->(10084808984, -5611529102)
[    4.480544] registered taskstats version 1
[    4.485746] Loading compiled-in X.509 certificates
[    4.489906] Loaded X.509 cert 'Build time autogenerated kernel key: ff1b14b29a8b0fad041e56b58c2af39eda0766ce'
[    4.494480] zswap: loaded using pool lzo/zbud
[    4.501029] Key type big_key registered
[    4.502294] Key type trusted registered
[    4.507068] Key type encrypted registered
[    4.512990] AppArmor: AppArmor sha1 policy hashing enabled
[    4.514706] ima: No TPM chip found, activating TPM-bypass! (rc=-19)
[    4.516735] ima: Allocated hash algorithm: sha1
[    4.517933] evm: HMAC attrs: 0x1
[    4.519211]   Magic number: 3:608:169
[    4.520344] rtc_cmos rtc_cmos: setting system clock to 2019-09-15 08:09:57 UTC (1568534997)
[    4.522642] BIOS EDD facility v0.16 2004-Jun-25, 0 devices found
[    4.524068] EDD information not available.
[    4.529032] Freeing unused kernel image memory: 2436K
[    4.560384] Write protecting the kernel read-only data: 20480k
[    4.582879] Freeing unused kernel image memory: 2008K
[    4.590009] Freeing unused kernel image memory: 1972K
[    4.597515] x86/mm: Checked W+X mappings: passed, no W+X pages found.
[    4.618803] x86/mm: Checking user space page tables
[    4.624832] x86/mm: Checked W+X mappings: passed, no W+X pages found.
Loading, please wait...
starting version 237
[    4.753302] Fusion MPT base driver 3.04.20
[    4.754676] Copyright (c) 1999-2008 LSI Corporation
[    4.763671] AVX2 version of gcm_enc/dec engaged.
[    4.765074] AES CTR mode by8 optimization enabled
[    4.766910] e1000: Intel(R) PRO/1000 Network Driver - version 7.3.21-k8-NAPI
[    4.768937] e1000: Copyright (c) 1999-2006 Intel Corporation.
[    4.779478] Fusion MPT SPI Host driver 3.04.20
[    4.963372] input: ImExPS/2 Generic Explorer Mouse as /devices/platform/i8042/serio1/input/input4
[    5.191389] e1000 0000:00:03.0 eth0: (PCI:33MHz:32-bit) 02:26:45:5c:bc:af
[    5.503734] e1000 0000:00:03.0 eth0: Intel(R) PRO/1000 Network Connection
[    5.506028] mptbase: ioc0: Initiating bringup
[    5.600356] ioc0: LSI53C1030 A0: Capabilities={Initiator}
[    5.844210] scsi host2: ioc0: LSI53C1030 A0, FwRev=00000000h, Ports=1, MaxQ=256, IRQ=20
[    6.012535] scsi 2:0:0:0: Direct-Access     VBOX     HARDDISK         1.0  PQ: 0 ANSI: 5
[    6.164122] scsi target2:0:0: Beginning Domain Validation
[    6.176795] scsi target2:0:0: Domain Validation skipping write tests
[    6.178605] scsi target2:0:0: Ending Domain Validation
[    6.180264] scsi target2:0:0: asynchronous
[    6.182333] scsi 2:0:1:0: Direct-Access     VBOX     HARDDISK         1.0  PQ: 0 ANSI: 5
[    6.504758] scsi target2:0:1: Beginning Domain Validation
[    6.530001] random: fast init done
[    6.655141] scsi target2:0:1: Domain Validation skipping write tests
[    6.661341] scsi target2:0:1: Ending Domain Validation
[    6.664813] scsi target2:0:1: asynchronous
[    6.669671] random: systemd-udevd: uninitialized urandom read (16 bytes read)
[    6.756733] e1000 0000:00:08.0 eth1: (PCI:33MHz:32-bit) 08:00:27:7e:49:93
[    6.757010] random: systemd-udevd: uninitialized urandom read (16 bytes read)
[    6.758958] e1000 0000:00:08.0 eth1: Intel(R) PRO/1000 Network Connection
[    6.760480] random: systemd-udevd: uninitialized urandom read (16 bytes read)
[    6.765631] e1000 0000:00:08.0 enp0s8: renamed from eth1
[    6.770520] sd 2:0:0:0: Attached scsi generic sg0 type 0
[    6.873335] sd 2:0:1:0: Attached scsi generic sg1 type 0
[    6.873982] sd 2:0:1:0: [sdb] 20480 512-byte logical blocks: (10.5 MB/10.0 MiB)
[    6.876282] sd 2:0:0:0: [sda] 20971520 512-byte logical blocks: (10.7 GB/10.0 GiB)
[    6.879376] sd 2:0:1:0: [sdb] Write Protect is off
[    6.904986] sd 2:0:0:0: [sda] Write Protect is off
[    6.906481] sd 2:0:1:0: [sdb] Incomplete mode parameter data
[    6.926198] sd 2:0:1:0: [sdb] Assuming drive cache: write through
[    6.926366] e1000 0000:00:03.0 enp0s3: renamed from eth0
[    6.928187] sd 2:0:0:0: [sda] Incomplete mode parameter data
[    6.977895] sd 2:0:0:0: [sda] Assuming drive cache: write through
[    7.058882] sd 2:0:1:0: [sdb] Attached SCSI disk
[    7.059408]  sda: sda1
[    7.075973] sd 2:0:0:0: [sda] Attached SCSI disk
Begin: Loading essential drivers ... [    8.500209] raid6: sse2x1   gen() 12347 MB/s
[    8.680614] raid6: sse2x1   xor()  8992 MB/s
[    8.852244] raid6: sse2x2   gen()  9581 MB/s
[    8.904583] raid6: sse2x2   xor()  6919 MB/s
[    9.000493] raid6: sse2x4   gen() 17633 MB/s
[    9.140255] raid6: sse2x4   xor() 10970 MB/s
[    9.193375] raid6: avx2x1   gen() 27579 MB/s
[    9.262528] raid6: avx2x1   xor() 18066 MB/s
[    9.353506] raid6: avx2x2   gen() 30283 MB/s
[    9.500269] raid6: avx2x2   xor() 18669 MB/s
[    9.662761] raid6: avx2x4   gen() 36738 MB/s
[    9.760210] raid6: avx2x4   xor() 21042 MB/s
[    9.833594] raid6: using algorithm avx2x4 gen() 36738 MB/s
[    9.903574] raid6: .... xor() 21042 MB/s, rmw enabled
[    9.904727] raid6: using avx2x2 recovery algorithm
[    9.914937] xor: automatically using best checksumming function   avx       
[    9.917737] async_tx: api initialized (async)
done.
Begin: Running /scripts/init-premount ... done.
Begin: Mounting root file system ... Begin: Running /scripts/local-top ... done.
Begin: Running /scripts/local-premount ... [    9.976653] Btrfs loaded, crc32c=crc32c-intel
Scanning for Btrfs filesystems
done.
Warning: fsck not present, so sk[   10.013745] EXT4-fs (sda1): INFO: recovery required on readonly filesystem
ipping root file system
[   10.046603] EXT4-fs (sda1): write access will be enabled during recovery
[   10.145801] EXT4-fs (sda1): orphan cleanup on readonly fs
[   10.425528] EXT4-fs (sda1): 10 orphan inodes deleted
[   10.465007] EXT4-fs (sda1): recovery complete
[   10.505204] EXT4-fs (sda1): mounted filesystem with ordered data mode. Opts: (null)
done.
Begin: Running /scripts/local-bottom ... done.
Begin: Running /scripts/init-bottom ... done.
[   10.721478] ip_tables: (C) 2000-2006 Netfilter Core Team
[   10.757650] systemd[1]: systemd 237 running in system mode. (+PAM +AUDIT +SELINUX +IMA +APPARMOR +SMACK +SYSVINIT +UTMP +LIBCRYPTSETUP +GCRYPT +GNUTLS +ACL +XZ +LZ4 +SECCOMP +BLKID +ELFUTILS +KMOD -IDN2 +IDN -PCRE2 default-hierarchy=hybrid)
[   10.838671] systemd[1]: Detected virtualization oracle.
[   10.840162] systemd[1]: Detected architecture x86-64.

Welcome to [1mUbuntu 18.04.2 LTS[0m!

[   10.958707] systemd[1]: Set hostname to <ubuntu-bionic>.
[   11.339012] systemd[1]: Reached target User and Group Name Lookups.
[[0;32m  OK  [0m] Reached target User and Group Name Lookups.
[   11.342421] systemd[1]: Set up automount Arbitrary Executable File Formats File System Automount Point.
[[0;32m  OK  [0m] Set up automount Arbitrary Executab…rmats File System Automount Point.
[   11.388390] systemd[1]: Created slice System Slice.
[[0;32m  OK  [0m] Created slice System Slice.
[   11.541501] systemd[1]: Listening on udev Kernel Socket.
[[0;32m  OK  [0m] Listening on udev Kernel Socket.
[   11.567388] systemd[1]: Listening on Syslog Socket.
[[0;32m  OK  [0m] Listening on Syslog Socket.
[   11.570573] systemd[1]: Listening on Network Service Netlink Socket.
[[0;32m  OK  [0m] Listening on Network Service Netlink Socket.
[[0;32m  OK  [0m] Listening on LVM2 poll daemon socket.
[[0;32m  OK  [0m] Listening on Journal Socket.
         Mounting POSIX Message Queue File System...
         Mounting Kernel Debug File System...
         Mounting Huge Pages File System...
         Starting Remount Root and Kernel[   11.696414] EXT4-fs (sda1): re-mounted. Opts: (null)
 File Systems...
[[0;32m  OK  [0m] Listening on udev Control Socket.
[[0;32m  OK  [0m] Listening on LVM2 metadata daemon socket.
[[0;32m  OK  [0m] Reached target System Time Synchronized.
[[0;32m  OK  [0m] Created slice system-serial\x2dgetty.slice.
[[0;32m  OK  [0m] Listening on Journal Audit Socket.
[[0;32m  OK  [0m] Listening on /dev/initctl Compatibility Named Pipe.
[[0;32m  OK  [0m] Listening on Device-mapper event daemon FIFOs.
         Starting Monitoring of LVM2 mirrors…ng dmeventd or progress polling...
         Starting Set the console keyboard layout...
[[0;32m  OK  [0m] Listening on Journal Socket (/dev/log).
         Starting Journal Service...
         Starting Create list of required st…ce nodes for the current kernel...
[[0;32m  OK  [0m] Started Forward Password Requests to Wall Directory Watch.
[[0;32m  OK  [0m] Created slice User and Session Slice.
[[0;32m  OK  [0m] Reached target Slices.
         Starting Uncomplicated firewall...
         Starting Load Kernel Modules...
[[0;32m  OK  [0m] Reached target Swap.
         Starting udev Coldplug all Devices...
[[0;32m  OK  [0m] Mounted POSIX Message Queue File System.
[[0;32m  OK  [0m] Mounted Kernel D[   12.239433] Loading iSCSI transport class v2.0-870.
ebug File System.
[[0;32m  OK  [0m] Started Journal Service.[   12.243592] random: crng init done
[   12.244539] random: 7 urandom warning(s) missed due to ratelimiting

[[0;32m  OK  [0m] Mounted Huge Pages File System.
[[0;32m  OK  [0m] Started Remount Root and Kernel File Systems.
[[0;32m  OK  [0m] Started Creat[   12.263469] iscsi: registered transport (tcp)
e list of required sta…vice nodes for the curr[   12.303257] iscsi: registered transport (iser)
ent kernel.
[[0;32m  OK  [0m] Started Uncomplicated firewall.
[[0;32m  OK  [0m] Started Set the console keyboard layout.
[[0;32m  OK  [0m] Started Load Kernel Modules.
[[0;32m  OK  [0m] Started LVM2 metadata daemon.
         Mounting FUSE Control File System...
         Mounting Kernel Configuration File System...
         Starting Apply Kernel Variables...
         Starting Create Static Device Nodes in /dev...
         Starting Load/Save Random Seed...
         Starting Flush Journal to Persistent Storage...
[[0;32m  OK  [0m] Started Monitoring of LVM2 mirrors,…sing dmeventd or progress polling.
[[0;32m  OK  [0m] Started udev Coldplug all Devices.
[[0;32m  OK  [0m] Mounted FUSE Control File System.
[[0;32m  OK  [0m] Mounted Kernel Configuration File System.
[[0;32m  OK  [0m] Started Apply Kernel Variables.
[[0;32m  OK  [0m] Started Create Static Device Nodes in /dev.
[[0;32m  OK  [0m] Started Load/Save Random Seed.
         Starting udev Kernel Device Manager...
[[0;32m  OK  [0m] Reached target Local File Systems (Pre).
[[0;32m  OK  [0m] Reached target Local File Systems.
         Starting Tell Plymouth To Write Out Runtime Data...
         Starting ebtables ruleset management...
         Starting AppArmor initialization...
         Starting Set console font and keymap...
[[0;32m  OK  [0m] Started udev Kernel Device Manager.
[[0;32m  OK  [0m] Started Tell Plymouth To Write Out Runtime Data.
[[0;32m  OK  [0m] Started Dispatch Password Requests to Console Directory Watch.
[[0;32m  OK  [0m] Reached target Local Encrypted Volumes.
[[0;32m  OK  [0m] Started Set console font and keymap.
[[0;32m  OK  [0m] Started ebtables ruleset management.
[[0;32m  OK  [0m] Started Flush Journal to Persistent Storage.
         Starting Create Volatile Files and Directories...
[[0;32m  OK  [0m] Started Create Volatile Files and Directories.
         Starting Update UTMP about System Boot/Shutdown...
[[0;32m  OK  [0m] Started Update UTMP about System Boot/Shutdown.
[[0;32m  OK  [0m] Started AppArmor initialization.
         Starting Initial cloud-init job (pre-networking)...
[[0;32m  OK  [0m] Found device /dev/ttyS0.
[[0;32m  OK  [0m] Listening on Load/Save RF Kill Switch Status /dev/rfkill Watch.
[   14.749434] cloud-init[510]: Cloud-init v. 19.1-1-gbaa47854-0ubuntu1~18.04.1 running 'init-local' at Sun, 15 Sep 2019 08:10:07 +0000. Up 14.54 seconds.
[[0;32m  OK  [0m] Started Initial cloud-init job (pre-networking).
[[0;32m  OK  [0m] Reached target Network (Pre).
         Starting Network Service...
[[0;32m  OK  [0m] Started Network Service.
         Starting Wait for Network to be Configured...
         Starting Network Name Resolution...
[[0;32m  OK  [0m] Started Network Name Resolution.
[[0;32m  OK  [0m] Reached target Host and Network Name Lookups.
[[0;32m  OK  [0m] Reached target Network.
[[0;32m  OK  [0m] Started Wait for Network to be Configured.
         Starting Initial cloud-init job (metadata service crawler)...
[   16.764019] cloud-init[702]: Cloud-init v. 19.1-1-gbaa47854-0ubuntu1~18.04.1 running 'init' at Sun, 15 Sep 2019 08:10:09 +0000. Up 16.61 seconds.
[   16.781334] cloud-init[702]: ci-info: ++++++++++++++++++++++++++++++++++++++Net device info+++++++++++++++++++++++++++++++++++++++
[   16.813484] cloud-init[702]: ci-info: +--------+------+-----------------------------+---------------+--------+-------------------+
[   16.864913] cloud-init[702]: ci-info: | Device |  Up  |           Address           |      Mask     | Scope  |     Hw-Address    |
[   16.885954] cloud-init[702]: ci-info: +--------+------+-----------------------------+---------------+--------+-------------------+
[   16.890157] cloud-init[702]: ci-info: | enp0s3 | True |          10.0.2.15          | 255.255.255.0 | global | 02:26:45:5c:bc:af |
[   16.892891] cloud-init[702]: ci-info: | enp0s3 | True |  fe80::26:45ff:fe5c:bcaf/64 |       .       |  link  | 02:26:45:5c:bc:af |
[   16.945186] cloud-init[702]: ci-info: | enp0s8 | True |        192.168.33.10        | 255.255.255.0 | global | 08:00:27:7e:49:93 |
[   16.967064] cloud-init[702]: ci-info: | enp0s8 | True | fe80::a00:27ff:fe7e:4993/64 |       .       |  link  | 08:00:27:7e:49:93 |
[   17.012333] cloud-init[702]: ci-info: |   lo   | True |          127.0.0.1          |   255.0.0.0   |  host  |         .         |
[[   17.104841] cloud-init[702]: ci-info: |   lo   | True |           ::1/128           |       .       |  host  |         .         |
[   17.105350] cloud-init[702]: ci-info: +--------+------+-----------------------------+---------------+--------+-------------------+
[   17.105735] cloud-init[702]: ci-info: +++++++++++++++++++++++++++++Route IPv4 info+++++++++++++++++++++++++++++
[   17.106115] cloud-init[702]: ci-info: +-------+--------------+----------+-----------------+-----------+-------+
[   17.106486] cloud-init[702]: ci-info: | Route | Destination  | Gateway  |     Genmask     | Interface | Flags |
[   17.106953] cloud-init[702]: ci-info: +-------+--------------+----------+-----------------+-----------+-------+
[0;32m  OK  [0m] Started Initial cloud-init job (metadata service crawler).
[   17.107322] cloud-init[702]: ci-info: |   0   |   0.0.0.0    | 10.0.2.2 |     0.0.0.0     |   enp0s3  |   UG  |
[[   17.444743] cloud-init[702]: ci-info: |   1   |   10.0.2.0   | 0.0.0.0  |  255.255.255.0  |   enp0s3  |   U   |
[   17.445142] cloud-init[702]: ci-info: |   2   |   10.0.2.2   | 0.0.0.0  | 255.255.255.255 |   enp0s3  |   UH  |
[   17.445658] cloud-init[702]: ci-info: |   3   | 192.168.33.0 | 0.0.0.0  |  255.255.255.0  |   enp0s8  |   U   |
[   17.446118] cloud-init[702]: ci-info: +-------+--------------+----------+-----------------+-----------+-------+
[   17.446590] cloud-init[702]: ci-info: +++++++++++++++++++Route IPv6 info+++++++++++++++++++
[   17.447152] cloud-init[702]: ci-info: +-------+-------------+---------+-----------+-------+
[   17.447580] cloud-init[702]: ci-info: | Route | Destination | Gateway | Interface | Flags |
[   17.448105] cloud-init[702]: ci-info: +-------+-------------+---------+-----------+-------+
[   17.448461] cloud-init[702]: ci-info: |   1   |  fe80::/64  |    ::   |   enp0s8  |   U   |
[   17.448837] cloud-init[702]: ci-info: |   2   |  fe80::/64  |    ::   |   enp0s3  |   U   |
[   17.449220] cloud-init[702]: ci-info: |   4   |    local    |    ::   |   enp0s3  |   U   |
[   17.449607] cloud-init[702]: ci-info: |   5   |    local    |    ::   |   enp0s8  |   U   |
[   17.449990] cloud-init[702]: ci-info: |   6   |   ff00::/8  |    ::   |   enp0s8  |   U   |
[   17.450373] cloud-init[702]: ci-info: |   7   |   ff00::/8  |    ::   |   enp0s3  |   U   |
[   17.450776] cloud-init[702]: ci-info: +-------+-------------+---------+-----------+-------+
[0;32m  OK  [0m] Reached target Cloud-config availability.
[[0;32m  OK  [0m] Reached target Network is Online.
[[0;32m  OK  [0m] Reached target Remote File Systems (Pre).
[[0;32m  OK  [0m] Reached target Remote File Systems.
         Starting Availability of block devices...
[[0;32m  OK  [0m] Reached target System Initialization.
[[0;32m  OK  [0m] Started Discard unused blocks once a week.
[[0;32m  OK  [0m] Listening on ACPID Listen Socket.
[[0;32m  OK  [0m] Started Message of the Day.
[[0;32m  OK  [0m] Started Daily apt download activities.
         Starting LXD - unix socket.
[[0;32m  OK  [0m] Listening on UUID daemon activation socket.
[[0;32m  OK  [0m] Started ACPI Events Check.
[[0;32m  OK  [0m] Reached target Paths.
[[0;32m  OK  [0m] Started Daily Cleanup of Temporary Directories.
[[0;32m  OK  [0m] Listening on D-Bus System Message Bus Socket.
         Starting Socket activation for snappy daemon.
[[0;32m  OK  [0m] Listening on Open-iSCSI iscsid Socket.
[[0;32m  OK  [0m] Started Daily apt upgrade and clean activities.
[[0;32m  OK  [0m] Reached target Timers.
[[0;32m  OK  [0m] Started Availability of block devices.
[[0;32m  OK  [0m] Listening on LXD - unix socket.
[[0;32m  OK  [0m] Listening on Socket activation for snappy daemon.
[[0;32m  OK  [0m] Reached target Sockets.
[[0;32m  OK  [0m] Reached target Basic System.
         Starting LSB: Record successful boot for GRUB...
         Starting System Logging Service...
[[0;32m  OK  [0m] Started FUSE filesystem for LXC.
         Starting vboxadd.service...
[[0;32m  OK  [0m] Started D-Bus System Message Bus.
         Starting Permit User Sessions...
         Starting Dispatcher daemon for systemd-networkd...
         Starting OpenBSD Secure Shell server...
[[0;32m  OK  [0m] Started Deferred execution scheduler.
         Starting LSB: automatic crash report generation...
         Starting Snappy daemon...
[[0;32m  OK  [0m] Started irqbalance daemon.
         Starting LXD - container startup/shutdown...
         Starting Accounts Service...
[[0;32m  OK  [0m] Started Regular background program processing daemon.
         Starting Login Service...
[[0;32m  OK  [0m] Started System Logging Service.
[[0;32m  OK  [0m] Started Permit User Sessions.
         Starting Terminate Plymouth Boot Screen...
         Starting Hold until boot process finishes up...
[[0;32m  OK  [0m] Started Hold until boot process finishes up.
[[0;32m  OK  [0m] Started OpenBSD Secure Shell server.
[[0;32m  OK  [0m] Started Terminate Plymouth Boot Screen.
         Starting Authorization Manager...
[[0;32m  OK  [0m] Started Serial Getty on ttyS0.
         Starting Set console scheme...
[[0;32m  OK  [0m] Started Login Service.
[[0;32m  OK  [0m] Started Unattended Upgrades Shutdown.
[[0;32m  OK  [0m] Started Set console scheme.
[[0;32m  OK  [0m] Created slice system-getty.slice.
[[0;32m  OK  [0m] Started Getty on tty1.
[[0;32m  OK  [0m] Reached target Login Prompts.
[[0;32m  OK  [0m] Started LSB: Record successful boot for GRUB.
[[0;32m  OK  [0m] Started LXD - container startup/shutdown.
[[0;32m  OK  [0m] Started Authorization Manager.
[[0;32m  OK  [0m] Started LSB: automatic crash report generation.
[[0;32m  OK  [0m] Started Accounts Service.
[[0;32m  OK  [0m] Started Dispatcher daemon for systemd-networkd.
[[0;32m  OK  [0m] Started vboxadd.service.
         Starting vboxadd-service.service...
[[0;32m  OK  [0m] Started Snappy daemon.
         Starting Wait until snapd is fully seeded...
[[0;32m  OK  [0m] Started vboxadd-service.service.
[[0;32m  OK  [0m] Started Wait until snapd is fully seeded.
         Starting Apply the settings specified in cloud-config...
[[0;32m  OK  [0m] Reached target Multi-User System.
[[0;32m  OK  [0m] Reached target Graphical Interface.
         Starting Update UTMP about System Runlevel Changes...
[[0;32m  OK  [0m] Started Update UTMP about System Runlevel Changes.
[   19.549097] cloud-init[1166]: Cloud-init v. 19.1-1-gbaa47854-0ubuntu1~18.04.1 running 'modules:config' at Sun, 15 Sep 2019 08:10:12 +0000. Up 19.46 seconds.
[[0;32m  OK  [0m] Started Apply the settings specified in cloud-config.
         Starting Execute cloud user/final scripts...
[   20.033445] cloud-init[1209]: Cloud-init v. 19.1-1-gbaa47854-0ubuntu1~18.04.1 running 'modules:final' at Sun, 15 Sep 2019 08:10:12 +0000. Up 19.91 seconds.
[[0;32m  OK  [0m] Started Execute cloud user/final scripts.
[[0;32m  OK  [0m] Reached target Cloud-init target.
[   20.130446] cloud-init[1209]: Cloud-init v. 19.1-1-gbaa47854-0ubuntu1~18.04.1 finished at Sun, 15 Sep 2019 08:10:13 +0000. Datasource DataSourceNoCloud [seed=/dev/sdb][dsmode=net].  Up 20.02 seconds

Ubuntu 18.04.2 LTS ubuntu-bionic ttyS0

ubuntu-bionic login: 